[06:50:21,777][WARNING][main][G] Ignite work directory is not provided, automatically resolved to: /Users/kiettran/Projects/weather-db/analysis/IgniteExample/ignite/work
[06:50:21,882][INFO][main][IgniteKernal] 

>>>    __________  ________________  
>>>   /  _/ ___/ |/ /  _/_  __/ __/  
>>>  _/ // (7 7    // /  / / / _/    
>>> /___/\___/_/|_/___/ /_/ /___/   
>>> 
>>> ver. 2.15.0#20230425-sha1:f98f7f35
>>> 2023 Copyright(C) Apache Software Foundation
>>> 
>>> Ignite documentation: https://ignite.apache.org

[06:50:21,882][INFO][main][IgniteKernal] Config URL: n/a
[06:50:21,900][INFO][main][IgniteKernal] IgniteConfiguration [igniteInstanceName=null, pubPoolSize=8, svcPoolSize=8, callbackPoolSize=8, stripedPoolSize=8, sysPoolSize=8, mgmtPoolSize=4, dataStreamerPoolSize=8, utilityCachePoolSize=8, utilityCacheKeepAliveTime=60000, p2pPoolSize=2, qryPoolSize=8, buildIdxPoolSize=2, igniteHome=null, igniteWorkDir=/Users/kiettran/Projects/weather-db/analysis/IgniteExample/ignite/work, mbeanSrv=com.sun.jmx.mbeanserver.JmxMBeanServer@4387b79e, nodeId=b2cbaa4b-0f46-43ab-a529-b671df3967ff, marsh=BinaryMarshaller [], marshLocJobs=false, p2pEnabled=false, netTimeout=5000, netCompressionLevel=1, sndRetryDelay=1000, sndRetryCnt=3, metricsHistSize=10000, metricsUpdateFreq=2000, metricsExpTime=9223372036854775807, discoSpi=TcpDiscoverySpi [addrRslvr=null, addressFilter=null, sockTimeout=5000, ackTimeout=5000, marsh=null, reconCnt=10, reconDelay=2000, maxAckTimeout=600000, soLinger=0, forceSrvMode=false, clientReconnectDisabled=false, internalLsnr=null, skipAddrsRandomization=false], segPlc=USE_FAILURE_HANDLER, segResolveAttempts=2, waitForSegOnStart=true, allResolversPassReq=true, segChkFreq=10000, commSpi=TcpCommunicationSpi [connectGate=org.apache.ignite.spi.communication.tcp.internal.ConnectGateway@3c947bc5, ctxInitLatch=java.util.concurrent.CountDownLatch@609db43b[Count = 1], stopping=false, clientPool=null, nioSrvWrapper=null, stateProvider=null], evtSpi=org.apache.ignite.spi.eventstorage.NoopEventStorageSpi@55f616cf, colSpi=NoopCollisionSpi [], deploySpi=LocalDeploymentSpi [], indexingSpi=org.apache.ignite.spi.indexing.noop.NoopIndexingSpi@5f683daf, addrRslvr=null, encryptionSpi=org.apache.ignite.spi.encryption.noop.NoopEncryptionSpi@78ffe6dc, tracingSpi=org.apache.ignite.spi.tracing.NoopTracingSpi@8317c52, clientMode=false, rebalanceThreadPoolSize=2, rebalanceTimeout=10000, rebalanceBatchesPrefetchCnt=3, rebalanceThrottle=0, rebalanceBatchSize=524288, txCfg=TransactionConfiguration [txSerEnabled=false, dfltIsolation=REPEATABLE_READ, dfltConcurrency=PESSIMISTIC, dfltTxTimeout=0, txTimeoutOnPartitionMapExchange=0, deadlockTimeout=10000, pessimisticTxLogSize=0, pessimisticTxLogLinger=10000, tmLookupClsName=null, txManagerFactory=null, useJtaSync=false], cacheSanityCheckEnabled=true, discoStartupDelay=60000, deployMode=SHARED, p2pMissedCacheSize=100, locHost=null, timeSrvPortBase=31100, timeSrvPortRange=100, failureDetectionTimeout=10000, sysWorkerBlockedTimeout=null, clientFailureDetectionTimeout=30000, metricsLogFreq=60000, connectorCfg=ConnectorConfiguration [jettyPath=null, host=null, port=11211, noDelay=true, directBuf=false, sndBufSize=32768, rcvBufSize=32768, idleQryCurTimeout=600000, idleQryCurCheckFreq=60000, sndQueueLimit=0, selectorCnt=4, idleTimeout=7000, sslEnabled=false, sslClientAuth=false, sslCtxFactory=null, sslFactory=null, portRange=100, threadPoolSize=8, msgInterceptor=null], odbcCfg=null, warmupClos=null, atomicCfg=AtomicConfiguration [seqReserveSize=1000, cacheMode=PARTITIONED, backups=1, aff=null, grpName=null], classLdr=null, sslCtxFactory=null, platformCfg=PlatformDotNetConfiguration [binaryCfg=null], binaryCfg=null, memCfg=null, pstCfg=null, dsCfg=DataStorageConfiguration [pageSize=0, concLvl=0, sysDataRegConf=org.apache.ignite.configuration.SystemDataRegionConfiguration@3541cb24, dfltDataRegConf=DataRegionConfiguration [name=default, maxSize=3435973836, initSize=268435456, swapPath=null, pageEvictionMode=DISABLED, pageReplacementMode=CLOCK, evictionThreshold=0.9, emptyPagesPoolSize=100, metricsEnabled=false, metricsSubIntervalCount=5, metricsRateTimeInterval=60000, persistenceEnabled=false, checkpointPageBufSize=0, lazyMemoryAllocation=true, warmUpCfg=null, memoryAllocator=null, cdcEnabled=false], dataRegions=null, storagePath=null, checkpointFreq=180000, lockWaitTime=10000, checkpointThreads=4, checkpointWriteOrder=SEQUENTIAL, walHistSize=20, maxWalArchiveSize=1073741824, walSegments=10, walSegmentSize=67108864, walPath=db/wal, walArchivePath=db/wal/archive, cdcWalPath=db/wal/cdc, cdcWalDirMaxSize=0, metricsEnabled=false, walMode=LOG_ONLY, walTlbSize=131072, walBuffSize=0, walFlushFreq=2000, walFsyncDelay=1000, walRecordIterBuffSize=67108864, alwaysWriteFullPages=false, fileIOFactory=org.apache.ignite.internal.processors.cache.persistence.file.AsyncFileIOFactory@5fa07e12, metricsSubIntervalCnt=5, metricsRateTimeInterval=60000, walAutoArchiveAfterInactivity=-1, walForceArchiveTimeout=-1, writeThrottlingEnabled=false, walCompactionEnabled=false, walCompactionLevel=1, checkpointReadLockTimeout=null, walPageCompression=DISABLED, walPageCompressionLevel=null, dfltWarmUpCfg=null, encCfg=org.apache.ignite.configuration.EncryptionConfiguration@482bce4f, defragmentationThreadPoolSize=4, minWalArchiveSize=-1, memoryAllocator=null], snapshotPath=snapshots, snapshotThreadPoolSize=4, activeOnStart=true, activeOnStartPropSetFlag=false, autoActivation=true, autoActivationPropSetFlag=false, clusterStateOnStart=null, sqlConnCfg=null, cliConnCfg=ClientConnectorConfiguration [host=null, port=10800, portRange=100, sockSndBufSize=0, sockRcvBufSize=0, tcpNoDelay=true, maxOpenCursorsPerConn=128, threadPoolSize=8, selectorCnt=4, idleTimeout=0, handshakeTimeout=10000, jdbcEnabled=true, odbcEnabled=true, thinCliEnabled=true, sslEnabled=false, useIgniteSslCtxFactory=true, sslClientAuth=false, sslCtxFactory=null, thinCliCfg=ThinClientConfiguration [maxActiveTxPerConn=100, maxActiveComputeTasksPerConn=0, sendServerExcStackTraceToClient=false]], mvccVacuumThreadCnt=2, mvccVacuumFreq=5000, authEnabled=false, failureHnd=null, commFailureRslvr=null, sqlCfg=SqlConfiguration [longQryWarnTimeout=3000, dfltQryTimeout=0, sqlQryHistSize=1000, validationEnabled=false], asyncContinuationExecutor=null]
[06:50:21,901][INFO][main][IgniteKernal] OS: Mac OS X 14.2 aarch64
[06:50:21,901][INFO][main][IgniteKernal] OS user: kiettran
[06:50:21,906][INFO][main][IgniteKernal] PID: 14432
[06:50:21,907][INFO][main][IgniteKernal] Language runtime: Java Platform API Specification ver. 17
[06:50:21,907][INFO][main][IgniteKernal] VM information: Java(TM) SE Runtime Environment 17.0.3.1+2-LTS-6 Oracle Corporation Java HotSpot(TM) 64-Bit Server VM 17.0.3.1+2-LTS-6
[06:50:21,907][INFO][main][IgniteKernal] VM total memory: 4.0GB
[06:50:21,908][INFO][main][IgniteKernal] Remote Management [restart: off, REST: on, JMX (remote: off)]
[06:50:21,908][INFO][main][IgniteKernal] Logger: JavaLogger [quiet=false, config=null]
[06:50:21,909][INFO][main][IgniteKernal] IGNITE_HOME=null
[06:50:21,909][INFO][main][IgniteKernal] VM arguments: [-Dfile.encoding=UTF-8, -Djava.util.logging.config.file=/Users/kiettran/Projects/weather-db/analysis/IgniteExample/bin/Debug/net8.0/config/java.util.logging.properties, --add-exports=java.base/jdk.internal.misc=ALL-UNNAMED, --add-exports=java.base/sun.nio.ch=ALL-UNNAMED, --add-exports=java.management/com.sun.jmx.mbeanserver=ALL-UNNAMED, --add-exports=jdk.internal.jvmstat/sun.jvmstat.monitor=ALL-UNNAMED, --add-opens=jdk.management/com.sun.management.internal=ALL-UNNAMED, --illegal-access=permit, --add-opens=java.base/jdk.internal.misc=ALL-UNNAMED, --add-opens=java.base/sun.nio.ch=ALL-UNNAMED, --add-opens=java.management/com.sun.jmx.mbeanserver=ALL-UNNAMED, --add-opens=jdk.internal.jvmstat/sun.jvmstat.monitor=ALL-UNNAMED, --add-opens=java.base/sun.reflect.generics.reflectiveObjects=ALL-UNNAMED, --add-opens=java.base/java.io=ALL-UNNAMED, --add-opens=java.base/java.nio=ALL-UNNAMED, --add-opens=java.base/java.util=ALL-UNNAMED, --add-opens=java.base/java.util.concurrent=ALL-UNNAMED, --add-opens=java.base/java.util.concurrent.locks=ALL-UNNAMED, --add-opens=java.base/java.util.concurrent.atomic=ALL-UNNAMED, --add-opens=java.base/java.lang=ALL-UNNAMED, --add-opens=java.base/java.lang.invoke=ALL-UNNAMED, --add-opens=java.base/java.math=ALL-UNNAMED, --add-opens=java.sql/java.sql=ALL-UNNAMED]
[06:50:21,909][INFO][main][IgniteKernal] System cache's DataRegion size is configured to 40 MB. Use DataStorageConfiguration.systemRegionInitialSize property to change the setting.
[06:50:21,909][INFO][main][IgniteKernal] Configured caches [in 'sysMemPlc' dataRegion: ['ignite-sys-cache']]
[06:50:21,910][WARNING][main][IgniteKernal] Please set system property '-Djava.net.preferIPv4Stack=true' to avoid possible problems in mixed environments.
[06:50:21,961][INFO][main][IgnitePluginProcessor] Configured plugins:
[06:50:21,961][INFO][main][IgnitePluginProcessor]   ^-- None
[06:50:21,961][INFO][main][IgnitePluginProcessor] 
[06:50:21,963][INFO][main][FailureProcessor] Configured failure handler: [hnd=StopNodeOrHaltFailureHandler [tryStop=false, timeout=0, super=AbstractFailureHandler [ignoredFailureTypes=UnmodifiableSet [SYSTEM_WORKER_BLOCKED, SYSTEM_CRITICAL_OPERATION_TIMEOUT]]]]
[06:50:21,988][WARNING][pub-#21][GridDiagnostic] Initial heap size is 256MB (should be no less than 512MB, use -Xms512m -Xmx512m).
[06:50:22,139][INFO][main][TcpCommunicationSpi] Successfully bound communication NIO server to TCP port [port=47100, locHost=0.0.0.0/0.0.0.0, selectorsCnt=4, selectorSpins=0, pairedConn=false]
[06:50:22,139][WARNING][main][TcpCommunicationSpi] Message queue limit is set to 0 which may lead to potential OOMEs when running cache operations in FULL_ASYNC or PRIMARY_SYNC modes due to message queues growth on sender and receiver sides.
[06:51:22,195][INFO][main][GridCollisionManager] Collision resolution is disabled (all jobs will be activated upon arrival).
[06:51:22,317][INFO][main][TcpDiscoverySpi] Successfully bound to TCP port [port=47500, localHost=0.0.0.0/0.0.0.0, locNodeId=b2cbaa4b-0f46-43ab-a529-b671df3967ff]
[06:51:22,318][INFO][main][GridLocalConfigManager] Resolved page store work directory: /Users/kiettran/Projects/weather-db/analysis/IgniteExample/ignite/work/db/0_0_0_0_0_0_0_1_lo0_127_0_0_1_192_168_1_31_2402_800_62b5_a64a_c2e_9782_d19c_40bd_en0_2402_800_62b5_a64a_c59b_5721_f81_2d6e_en0_47500
[06:51:22,343][INFO][main][IgniteCacheDatabaseSharedManager] Configured data regions initialized successfully [total=4]
[06:51:22,411][WARNING][main][IgniteH2Indexing] Serialization of Java objects in H2 was enabled.
[06:51:22,537][INFO][main][ClientListenerProcessor] Client connector processor has started on TCP port 10800
[06:51:22,570][INFO][main][GridTcpRestProtocol] Command protocol successfully started [name=TCP binary, host=0.0.0.0/0.0.0.0, port=11211]
[06:51:22,592][WARNING][main][PlatformProcessorImpl] Marshaller is automatically set to o.a.i.i.binary.BinaryMarshaller (other nodes must have the same marshaller type).
[06:51:22,614][INFO][main][IgniteKernal] Non-loopback local IPs: 192.168.1.31, 2402:800:62b5:a64a:c2e:9782:d19c:40bd%en0, 2402:800:62b5:a64a:c59b:5721:f81:2d6e%en0, fe80:0:0:0:2cbf:2974:d78c:9f9f%utun3, fe80:0:0:0:4f8:5b42:494e:943a%en0, fe80:0:0:0:6f2d:382b:22fb:15ac%utun1, fe80:0:0:0:7ce5:2dff:fe0f:8531%awdl0, fe80:0:0:0:7ce5:2dff:fe0f:8531%llw0, fe80:0:0:0:b0be:83ff:fe5a:ee29%ap1, fe80:0:0:0:b10b:6443:6177:9286%utun2, fe80:0:0:0:ce81:b1c:bd2c:69e%utun4
[06:51:22,614][INFO][main][IgniteKernal] Enabled local MACs: 7EE52D0F8531, B0BE835AEE29, B2BE835AEE29
[06:51:22,618][INFO][main][ClusterProcessor] Cluster ID and tag has been read from metastorage: null
[06:51:22,622][INFO][main][IgniteClusterImpl] Shutdown policy was updated [oldVal=null, newVal=null]
[06:51:22,624][INFO][main][IgniteStatisticsManagerImpl] Statistics usage state was changed from null to null
